<?xml version="1.0" encoding="UTF-8"?>
<testng-results skipped="0" failed="1" total="3" passed="2">
  <reporter-output>
  </reporter-output>
  <suite name="Default suite" duration-ms="66564" started-at="2017-11-19T19:42:13Z" finished-at="2017-11-19T19:43:19Z">
    <groups>
    </groups>
    <test name="Default test" duration-ms="66564" started-at="2017-11-19T19:42:13Z" finished-at="2017-11-19T19:43:19Z">
      <class name="com.roxsoft.carina_demoTest.MyLoginTest">
        <test-method status="PASS" signature="executeBeforeTestSuite(org.testng.ITestContext)[pri:0, instance:com.roxsoft.carina_demoTest.MyLoginTest@120d6fe6]" name="executeBeforeTestSuite" is-config="true" duration-ms="1068" started-at="2017-11-19T22:42:12Z" finished-at="2017-11-19T22:42:13Z">
          <params>
            <param index="0">
              <value>
                <![CDATA[org.testng.TestRunner@2f651f93]]>
              </value>
            </param>
          </params>
          <reporter-output>
          </reporter-output>
        </test-method> <!-- executeBeforeTestSuite -->
        <test-method status="PASS" signature="executeBeforeTestMethod(org.testng.xml.XmlTest, java.lang.reflect.Method, org.testng.ITestContext)[pri:0, instance:com.roxsoft.carina_demoTest.MyLoginTest@120d6fe6]" name="executeBeforeTestMethod" is-config="true" duration-ms="0" started-at="2017-11-19T22:42:13Z" finished-at="2017-11-19T22:42:13Z">
          <params>
            <param index="0">
              <value>
                <![CDATA[[Test: "Default test" verbose:2[parameters:][metagroups:] [included: ][excluded: ]  classes:[XmlClass class=com.roxsoft.carina_demoTest.MyLoginTest]  packages:] ]]>
              </value>
            </param>
            <param index="1">
              <value>
                <![CDATA[public void com.roxsoft.carina_demoTest.MyLoginTest.loginTest()]]>
              </value>
            </param>
            <param index="2">
              <value>
                <![CDATA[org.testng.TestRunner@2f651f93]]>
              </value>
            </param>
          </params>
          <reporter-output>
          </reporter-output>
        </test-method> <!-- executeBeforeTestMethod -->
        <test-method status="PASS" signature="loginTest()[pri:0, instance:com.roxsoft.carina_demoTest.MyLoginTest@120d6fe6]" name="loginTest" duration-ms="31678" started-at="2017-11-19T22:42:13Z" finished-at="2017-11-19T22:42:45Z">
          <reporter-output>
          </reporter-output>
        </test-method> <!-- loginTest -->
        <test-method status="PASS" signature="executeBeforeTestClass(org.testng.ITestContext)[pri:0, instance:com.roxsoft.carina_demoTest.MyLoginTest@120d6fe6]" name="executeBeforeTestClass" is-config="true" duration-ms="0" started-at="2017-11-19T22:42:13Z" finished-at="2017-11-19T22:42:13Z">
          <params>
            <param index="0">
              <value>
                <![CDATA[org.testng.TestRunner@2f651f93]]>
              </value>
            </param>
          </params>
          <reporter-output>
          </reporter-output>
        </test-method> <!-- executeBeforeTestClass -->
        <test-method status="PASS" signature="executeAfterTestMethod(org.testng.ITestResult)[pri:0, instance:com.roxsoft.carina_demoTest.MyLoginTest@120d6fe6]" name="executeAfterTestMethod" is-config="true" duration-ms="1505" started-at="2017-11-19T22:42:45Z" finished-at="2017-11-19T22:42:46Z">
          <params>
            <param index="0">
              <value>
                <![CDATA[[TestResult name=loginTest status=SUCCESS method=MyLoginTest.loginTest()[pri:0, instance:com.roxsoft.carina_demoTest.MyLoginTest@120d6fe6] output={null}]]]>
              </value>
            </param>
          </params>
          <reporter-output>
          </reporter-output>
        </test-method> <!-- executeAfterTestMethod -->
        <test-method status="PASS" signature="executeBeforeTestMethod(org.testng.xml.XmlTest, java.lang.reflect.Method, org.testng.ITestContext)[pri:0, instance:com.roxsoft.carina_demoTest.MyLoginTest@120d6fe6]" name="executeBeforeTestMethod" is-config="true" duration-ms="16" started-at="2017-11-19T22:42:46Z" finished-at="2017-11-19T22:42:46Z">
          <params>
            <param index="0">
              <value>
                <![CDATA[[Test: "Default test" verbose:2[parameters:][metagroups:] [included: ][excluded: ]  classes:[XmlClass class=com.roxsoft.carina_demoTest.MyLoginTest]  packages:] ]]>
              </value>
            </param>
            <param index="1">
              <value>
                <![CDATA[public void com.roxsoft.carina_demoTest.MyLoginTest.loginTestDB()]]>
              </value>
            </param>
            <param index="2">
              <value>
                <![CDATA[org.testng.TestRunner@2f651f93]]>
              </value>
            </param>
          </params>
          <reporter-output>
          </reporter-output>
        </test-method> <!-- executeBeforeTestMethod -->
        <test-method status="FAIL" signature="loginTestDB()[pri:0, instance:com.roxsoft.carina_demoTest.MyLoginTest@120d6fe6]" name="loginTestDB" duration-ms="1401" started-at="2017-11-19T22:42:46Z" finished-at="2017-11-19T22:42:48Z">
          <exception class="org.apache.ibatis.exceptions.PersistenceException">
            <message>
              <![CDATA[
### Error querying database.  Cause: java.lang.IllegalArgumentException: Mapped Statements collection does not contain value for dao.MyBatisUserlogin.getAllLoginData
### Cause: java.lang.IllegalArgumentException: Mapped Statements collection does not contain value for dao.MyBatisUserlogin.getAllLoginData]]>
            </message>
            <full-stacktrace>
              <![CDATA[org.apache.ibatis.exceptions.PersistenceException: 
### Error querying database.  Cause: java.lang.IllegalArgumentException: Mapped Statements collection does not contain value for dao.MyBatisUserlogin.getAllLoginData
### Cause: java.lang.IllegalArgumentException: Mapped Statements collection does not contain value for dao.MyBatisUserlogin.getAllLoginData
	at org.apache.ibatis.exceptions.ExceptionFactory.wrapException(ExceptionFactory.java:30)
	at org.apache.ibatis.session.defaults.DefaultSqlSession.selectList(DefaultSqlSession.java:150)
	at org.apache.ibatis.session.defaults.DefaultSqlSession.selectList(DefaultSqlSession.java:141)
	at org.apache.ibatis.session.defaults.DefaultSqlSession.selectList(DefaultSqlSession.java:136)
	at com.roxsoft.carina_demoTest.onlainer.dao.MyBatisUserlogin.getAllLoginData(MyBatisUserlogin.java:18)
	at com.roxsoft.carina_demoTest.MyLoginTest.loginTestDB(MyLoginTest.java:50)
	at sun.reflect.NativeMethodAccessorImpl.invoke0(Native Method)
	at sun.reflect.NativeMethodAccessorImpl.invoke(NativeMethodAccessorImpl.java:62)
	at sun.reflect.DelegatingMethodAccessorImpl.invoke(DelegatingMethodAccessorImpl.java:43)
	at java.lang.reflect.Method.invoke(Method.java:497)
	at org.testng.internal.MethodInvocationHelper.invokeMethod(MethodInvocationHelper.java:84)
	at org.testng.internal.Invoker.invokeMethod(Invoker.java:714)
	at org.testng.internal.Invoker.invokeTestMethod(Invoker.java:901)
	at org.testng.internal.Invoker.invokeTestMethods(Invoker.java:1231)
	at org.testng.internal.TestMethodWorker.invokeTestMethods(TestMethodWorker.java:127)
	at org.testng.internal.TestMethodWorker.run(TestMethodWorker.java:111)
	at org.testng.TestRunner.privateRun(TestRunner.java:767)
	at org.testng.TestRunner.run(TestRunner.java:617)
	at org.testng.SuiteRunner.runTest(SuiteRunner.java:348)
	at org.testng.SuiteRunner.runSequentially(SuiteRunner.java:343)
	at org.testng.SuiteRunner.privateRun(SuiteRunner.java:305)
	at org.testng.SuiteRunner.run(SuiteRunner.java:254)
	at org.testng.SuiteRunnerWorker.runSuite(SuiteRunnerWorker.java:52)
	at org.testng.SuiteRunnerWorker.run(SuiteRunnerWorker.java:86)
	at org.testng.TestNG.runSuitesSequentially(TestNG.java:1224)
	at org.testng.TestNG.runSuitesLocally(TestNG.java:1149)
	at org.testng.TestNG.run(TestNG.java:1057)
	at org.testng.remote.AbstractRemoteTestNG.run(AbstractRemoteTestNG.java:114)
	at org.testng.remote.RemoteTestNG.initAndRun(RemoteTestNG.java:251)
	at org.testng.remote.RemoteTestNG.main(RemoteTestNG.java:77)
Caused by: java.lang.IllegalArgumentException: Mapped Statements collection does not contain value for dao.MyBatisUserlogin.getAllLoginData
	at org.apache.ibatis.session.Configuration$StrictMap.get(Configuration.java:888)
	at org.apache.ibatis.session.Configuration.getMappedStatement(Configuration.java:721)
	at org.apache.ibatis.session.Configuration.getMappedStatement(Configuration.java:714)
	at org.apache.ibatis.session.defaults.DefaultSqlSession.selectList(DefaultSqlSession.java:147)
	... 28 more
]]>
            </full-stacktrace>
          </exception> <!-- org.apache.ibatis.exceptions.PersistenceException -->
          <reporter-output>
          </reporter-output>
        </test-method> <!-- loginTestDB -->
        <test-method status="PASS" signature="executeAfterTestMethod(org.testng.ITestResult)[pri:0, instance:com.roxsoft.carina_demoTest.MyLoginTest@120d6fe6]" name="executeAfterTestMethod" is-config="true" duration-ms="0" started-at="2017-11-19T22:42:48Z" finished-at="2017-11-19T22:42:48Z">
          <params>
            <param index="0">
              <value>
                <![CDATA[[TestResult name=loginTestDB status=FAILURE method=MyLoginTest.loginTestDB()[pri:0, instance:com.roxsoft.carina_demoTest.MyLoginTest@120d6fe6] output={null}]]]>
              </value>
            </param>
          </params>
          <reporter-output>
          </reporter-output>
        </test-method> <!-- executeAfterTestMethod -->
        <test-method status="PASS" signature="loginTestDataProvider(java.lang.String, java.lang.String)[pri:0, instance:com.roxsoft.carina_demoTest.MyLoginTest@120d6fe6]" name="loginTestDataProvider" duration-ms="30879" started-at="2017-11-19T22:42:48Z" data-provider="DataProviderLogPass" finished-at="2017-11-19T22:43:18Z">
          <params>
            <param index="0">
              <value>
                <![CDATA[sotis.t@mail.ru]]>
              </value>
            </param>
            <param index="1">
              <value>
                <![CDATA[Sirius]]>
              </value>
            </param>
          </params>
          <reporter-output>
          </reporter-output>
        </test-method> <!-- loginTestDataProvider -->
        <test-method status="PASS" signature="executeBeforeTestMethod(org.testng.xml.XmlTest, java.lang.reflect.Method, org.testng.ITestContext)[pri:0, instance:com.roxsoft.carina_demoTest.MyLoginTest@120d6fe6]" name="executeBeforeTestMethod" is-config="true" duration-ms="0" started-at="2017-11-19T22:42:48Z" finished-at="2017-11-19T22:42:48Z">
          <params>
            <param index="0">
              <value>
                <![CDATA[[Test: "Default test" verbose:2[parameters:][metagroups:] [included: ][excluded: ]  classes:[XmlClass class=com.roxsoft.carina_demoTest.MyLoginTest]  packages:] ]]>
              </value>
            </param>
            <param index="1">
              <value>
                <![CDATA[public void com.roxsoft.carina_demoTest.MyLoginTest.loginTestDataProvider(java.lang.String,java.lang.String)]]>
              </value>
            </param>
            <param index="2">
              <value>
                <![CDATA[org.testng.TestRunner@2f651f93]]>
              </value>
            </param>
          </params>
          <reporter-output>
          </reporter-output>
        </test-method> <!-- executeBeforeTestMethod -->
        <test-method status="PASS" signature="executeAfterTestMethod(org.testng.ITestResult)[pri:0, instance:com.roxsoft.carina_demoTest.MyLoginTest@120d6fe6]" name="executeAfterTestMethod" is-config="true" duration-ms="976" started-at="2017-11-19T22:43:18Z" finished-at="2017-11-19T22:43:19Z">
          <params>
            <param index="0">
              <value>
                <![CDATA[[TestResult name=loginTestDataProvider status=SUCCESS method=MyLoginTest.loginTestDataProvider(java.lang.String, java.lang.String)[pri:0, instance:com.roxsoft.carina_demoTest.MyLoginTest@120d6fe6] output={null}]]]>
              </value>
            </param>
          </params>
          <reporter-output>
          </reporter-output>
        </test-method> <!-- executeAfterTestMethod -->
        <test-method status="PASS" signature="executeAfterTestClass(org.testng.ITestContext)[pri:0, instance:com.roxsoft.carina_demoTest.MyLoginTest@120d6fe6]" name="executeAfterTestClass" is-config="true" duration-ms="0" started-at="2017-11-19T22:43:19Z" finished-at="2017-11-19T22:43:19Z">
          <params>
            <param index="0">
              <value>
                <![CDATA[org.testng.TestRunner@2f651f93]]>
              </value>
            </param>
          </params>
          <reporter-output>
          </reporter-output>
        </test-method> <!-- executeAfterTestClass -->
        <test-method status="PASS" signature="executeAfterTestSuite(org.testng.ITestContext)[pri:0, instance:com.roxsoft.carina_demoTest.MyLoginTest@120d6fe6]" name="executeAfterTestSuite" is-config="true" duration-ms="48" started-at="2017-11-19T22:43:19Z" finished-at="2017-11-19T22:43:20Z">
          <params>
            <param index="0">
              <value>
                <![CDATA[org.testng.TestRunner@2f651f93]]>
              </value>
            </param>
          </params>
          <reporter-output>
          </reporter-output>
        </test-method> <!-- executeAfterTestSuite -->
      </class> <!-- com.roxsoft.carina_demoTest.MyLoginTest -->
    </test> <!-- Default test -->
  </suite> <!-- Default suite -->
</testng-results>
